<?xml version="1.0" encoding="UTF-8"?>
<testng-results ignored="0" total="1" passed="1" failed="0" skipped="0">
  <reporter-output>
  </reporter-output>
  <suite started-at="2023-07-12T21:25:53 IST" name="Default suite" finished-at="2023-07-12T21:26:21 IST" duration-ms="27708">
    <groups>
    </groups>
    <test started-at="2023-07-12T21:25:53 IST" name="Default test" finished-at="2023-07-12T21:26:21 IST" duration-ms="27708">
      <class name="TestDesign.ProductOrderTest">
        <test-method is-config="true" signature="config()[pri:0, instance:TestDesign.ProductOrderTest@305ffe9e]" started-at="2023-07-12T21:25:53 IST" name="config" finished-at="2023-07-12T21:25:54 IST" duration-ms="778" status="PASS">
          <reporter-output>
          </reporter-output>
        </test-method> <!-- config -->
        <test-method is-config="true" signature="launchApplication()[pri:0, instance:TestDesign.ProductOrderTest@305ffe9e]" started-at="2023-07-12T21:25:54 IST" name="launchApplication" finished-at="2023-07-12T21:26:10 IST" duration-ms="16115" status="PASS">
          <reporter-output>
          </reporter-output>
        </test-method> <!-- launchApplication -->
        <test-method signature="SubmitOrder(java.lang.String,java.lang.String,java.lang.String,java.lang.String,java.lang.String)[pri:0, instance:TestDesign.ProductOrderTest@305ffe9e]" started-at="2023-07-12T21:26:10 IST" name="SubmitOrder" data-provider="getData" finished-at="2023-07-12T21:26:20 IST" duration-ms="10067" status="PASS">
          <params>
            <param index="0">
              <value>
                <![CDATA[standard_user]]>
              </value>
            </param>
            <param index="1">
              <value>
                <![CDATA[secret_sauce]]>
              </value>
            </param>
            <param index="2">
              <value>
                <![CDATA[anusha]]>
              </value>
            </param>
            <param index="3">
              <value>
                <![CDATA[parimi]]>
              </value>
            </param>
            <param index="4">
              <value>
                <![CDATA[500008]]>
              </value>
            </param>
          </params>
          <reporter-output>
          </reporter-output>
        </test-method> <!-- SubmitOrder -->
        <test-method is-config="true" signature="tearDown()[pri:0, instance:TestDesign.ProductOrderTest@305ffe9e]" started-at="2023-07-12T21:26:20 IST" name="tearDown" finished-at="2023-07-12T21:26:21 IST" duration-ms="669" status="PASS">
          <reporter-output>
          </reporter-output>
        </test-method> <!-- tearDown -->
      </class> <!-- TestDesign.ProductOrderTest -->
    </test> <!-- Default test -->
  </suite> <!-- Default suite -->
</testng-results>
